[17:14:06] [Server thread/INFO]: Starting minecraft server version 1.8.8
[17:14:06] [Server thread/WARN]: To start the server with more ram, launch it as "java -Xmx1024M -Xms1024M -jar minecraft_server.jar"
[17:14:06] [Server thread/INFO]: Loading properties
[17:14:06] [Server thread/INFO]: Default game type: SURVIVAL
[17:14:07] [Server thread/INFO]: This server is running CraftBukkit version git-PaperSpigot-445 (MC: 1.8.8) (Implementing API version 1.8.8-R0.1-SNAPSHOT)
[17:14:07] [Server thread/INFO]: Spigot Timings: true - Verbose: true - Interval: 5m - Length: 60m
[17:14:07] [Server thread/INFO]: Server Ping Player Sample Count: 12
[17:14:07] [Server thread/INFO]: Using 4 threads for Netty based IO
[17:14:07] [Server thread/INFO]: Debug logging is disabled
[17:14:08] [Server thread/INFO]: Data value allowed items: 
[17:14:08] [Server thread/INFO]: Generating keypair
[17:14:09] [Server thread/INFO]: Starting Minecraft server on localhost:25565
[17:14:09] [Server thread/INFO]: Using default channel type
[17:14:10] [Server thread/INFO]: Set PluginClassLoader as parallel capable
[17:14:12] [Server thread/INFO]: [CoreProtect] Loading CoreProtect v2.12.0
[17:14:12] [Server thread/INFO]: [BlockCommands] Loading BlockCommands v1.0
[17:14:12] [Server thread/INFO]: [WorldEdit] Loading WorldEdit v6.1;no_git_id
[17:14:12] [Server thread/INFO]: [PluginConstructorAPI] Loading PluginConstructorAPI v1.0.52
[17:14:12] [Server thread/INFO]: [VirtualBooks] Loading VirtualBooks v2.7.0
[17:14:12] [Server thread/INFO]: [OpenInv] Loading OpenInv v2.3.4
[17:14:12] [Server thread/INFO]: [Essentials] Loading Essentials v2.20.0-dev+41-4dc994d
[17:14:12] [Server thread/INFO]: [VoidWorld] Loading VoidWorld v1.0
[17:14:12] [Server thread/INFO]: [ClearLag] Loading ClearLag v3.2.2
[17:14:12] [Server thread/INFO]: [Chairs] Loading Chairs v4.7
[17:14:12] [Server thread/INFO]: [PerWorldInventory] Loading PerWorldInventory v1.5.8
[17:14:12] [Server thread/INFO]: [LaggRemover] Loading LaggRemover v2.0.6
[17:14:12] [Server thread/INFO]: [WorldGuard] Loading WorldGuard v6.1
[17:14:12] [Server thread/INFO]: [Multiverse-Core] Loading Multiverse-Core v2.5-b699
[17:14:12] [Server thread/INFO]: [AutoSaveWorld] Loading AutoSaveWorld v4.15
[17:14:12] [Server thread/INFO]: [DebugStick] Loading DebugStick v1.1
[17:14:12] [Server thread/WARN]: java.lang.NoSuchMethodException: com.sk89q.worldguard.bukkit.WorldGuardPlugin.getFlagRegistry()
[17:14:12] [Server thread/WARN]: 	at java.lang.Class.getDeclaredMethod(Class.java:2130)
[17:14:12] [Server thread/WARN]: 	at me.itstautvydas.debugstick.util.Reflection.getMethod(Reflection.java:65)
[17:14:12] [Server thread/WARN]: 	at me.itstautvydas.debugstick.support.WorldGuard.register(WorldGuard.java:31)
[17:14:12] [Server thread/WARN]: 	at me.itstautvydas.debugstick.DebugStickPlugin.onLoad(DebugStickPlugin.java:343)
[17:14:12] [Server thread/WARN]: 	at org.bukkit.craftbukkit.v1_8_R3.CraftServer.loadPlugins(CraftServer.java:298)
[17:14:12] [Server thread/WARN]: 	at net.minecraft.server.v1_8_R3.DedicatedServer.init(DedicatedServer.java:202)
[17:14:12] [Server thread/WARN]: 	at net.minecraft.server.v1_8_R3.MinecraftServer.run(MinecraftServer.java:563)
[17:14:12] [Server thread/WARN]: 	at java.lang.Thread.run(Thread.java:750)
[17:14:12] [Server thread/WARN]: [DebugStick] Couldn't register flag, something went wrong while accessing the registry class.
[17:14:12] [Server thread/INFO]: [ImageMaps] Loading ImageMaps v0.4.1
[17:14:12] [Server thread/INFO]: [ChestCommands] Loading ChestCommands v4.0.3
[17:14:12] [Server thread/INFO]: [EssentialsChat] Loading EssentialsChat v2.20.0-dev+41-4dc994d
[17:14:12] [Server thread/INFO]: [PermissionsEx] Loading PermissionsEx v1.33.8
[17:14:12] [Server thread/WARN]: [PermissionsEx] This server is in offline mode. Unless this server is configured to integrate with a supported proxy (see http://dft.ba/-8ous), UUIDs *may not be stable*!
[17:14:12] [Server thread/INFO]: [RandomTeleport] Loading RandomTeleport v5.0.2
[17:14:12] [Server thread/INFO]: [Music] Loading Music v2.7.34
[17:14:12] [Server thread/INFO]: [Multiverse-Portals] Loading Multiverse-Portals v2.5-b725
[17:14:12] [Server thread/INFO]: [SuperVanish] Loading SuperVanish v6.2.15
[17:14:12] [Server thread/INFO]: [PlayerDeathLocation] Loading PlayerDeathLocation v1.6.1
[17:14:12] [Server thread/INFO]: [AuthMe] Loading AuthMe v5.3.2-b1726
[17:14:12] [Server thread/INFO]: [WarpPortals] Loading WarpPortals v5.6.3
[17:14:12] [Server thread/INFO]: [TabList] Loading TabList v5.6.8
[17:14:12] [Server thread/INFO]: [VoidWorld] Enabling VoidWorld v1.0
[17:14:12] [Server thread/INFO]: [AutoSaveWorld] Enabling AutoSaveWorld v4.15
[17:14:12] [Server thread/WARN]: **** SERVER IS RUNNING IN OFFLINE/INSECURE MODE!
[17:14:12] [Server thread/WARN]: The server will make no attempt to authenticate usernames. Beware.
[17:14:12] [Server thread/WARN]: Whilst this makes it possible to use BungeeCord, unless access to your server is properly restricted, it also opens up the ability for hackers to connect with any username they choose.
[17:14:12] [Server thread/WARN]: Please see http://www.spigotmc.org/wiki/firewall-guide/ for further information.
[17:14:12] [Server thread/WARN]: To change this, set "online-mode" to "true" in the server.properties file.
[17:14:12] [Server thread/INFO]: **** Beginning UUID conversion, this may take A LONG time ****
[17:14:13] [Server thread/INFO]: Preparing level "waiting_room"
[17:14:13] [Server thread/INFO]: -------- World Settings For [waiting_room] --------
[17:14:13] [Server thread/INFO]: Anti X-Ray: true
[17:14:13] [Server thread/INFO]: 	Engine Mode: 1
[17:14:13] [Server thread/INFO]: 	Hidden Blocks: [14, 15, 16, 21, 48, 49, 54, 56, 73, 74, 82, 129, 130]
[17:14:13] [Server thread/INFO]: 	Replace Blocks: [1, 5]
[17:14:13] [Server thread/INFO]: Nerfing mobs spawned from spawners: false
[17:14:13] [Server thread/INFO]: Cactus Growth Modifier: 100%
[17:14:13] [Server thread/INFO]: Cane Growth Modifier: 100%
[17:14:13] [Server thread/INFO]: Melon Growth Modifier: 100%
[17:14:13] [Server thread/INFO]: Mushroom Growth Modifier: 100%
[17:14:13] [Server thread/INFO]: Pumpkin Growth Modifier: 100%
[17:14:13] [Server thread/INFO]: Sapling Growth Modifier: 100%
[17:14:13] [Server thread/INFO]: Wheat Growth Modifier: 100%
[17:14:13] [Server thread/INFO]: NetherWart Growth Modifier: 100%
[17:14:13] [Server thread/INFO]: Mob Spawn Range: 4
[17:14:13] [Server thread/INFO]: Entity Activation Range: An 32 / Mo 32 / Mi 16
[17:14:13] [Server thread/INFO]: Entity Tracking Range: Pl 48 / An 48 / Mo 48 / Mi 32 / Other 64
[17:14:13] [Server thread/INFO]: Hopper Transfer: 8 Hopper Check: 8 Hopper Amount: 1
[17:14:13] [Server thread/INFO]: Random Lighting Updates: false
[17:14:13] [Server thread/INFO]: Structure Info Saving: true
[17:14:13] [Server thread/INFO]: Sending up to 10 chunks per packet
[17:14:13] [Server thread/INFO]: Max Entity Collisions: 8
[17:14:13] [Server thread/INFO]: Custom Map Seeds:  Village: 10387312 Feature: 14357617
[17:14:13] [Server thread/INFO]: Max TNT Explosions: 100
[17:14:13] [Server thread/INFO]: Tile Max Tick Time: 50ms Entity max Tick Time: 50ms
[17:14:13] [Server thread/INFO]: Item Despawn Rate: 6000
[17:14:13] [Server thread/INFO]: Item Merge Radius: 2.5
[17:14:13] [Server thread/INFO]: Arrow Despawn Rate: 1200
[17:14:13] [Server thread/INFO]: Allow Zombie Pigmen to spawn from portal blocks: true
[17:14:13] [Server thread/INFO]: View Distance: 4
[17:14:13] [Server thread/INFO]: Zombie Aggressive Towards Villager: true
[17:14:13] [Server thread/INFO]: Chunks to Grow per Tick: 650
[17:14:13] [Server thread/INFO]: Clear tick list: false
[17:14:13] [Server thread/INFO]: Experience Merge Radius: 3.0
[17:14:13] [Server thread/INFO]: -------- World Settings For [waiting_room] --------
[17:14:13] [Server thread/INFO]: Player blocking damage multiplier set to 0.5
[17:14:13] [Server thread/INFO]: Remove invalid mob spawner tile entities: true
[17:14:13] [Server thread/INFO]: Squids will spawn between Y: 45.0 and Y: 63.0
[17:14:13] [Server thread/INFO]: Living Entity Despawn Ranges:  Soft: 32 Hard: 128
[17:14:13] [Server thread/INFO]: Max height for cactus growth 3. Max height for reed growth 3
[17:14:13] [Server thread/INFO]: Water over lava flow speed: 5
[17:14:13] [Server thread/INFO]: Fix TNT cannons: false
[17:14:13] [Server thread/INFO]: Allow undead horse types to be leashed: false
[17:14:13] [Server thread/INFO]: Keep spawn chunk loaded: true
[17:14:13] [Server thread/INFO]: WorldServer TickNextTick cap set at 10000
[17:14:13] [Server thread/INFO]: WorldServer TickNextTickList cap always processes redstone: false
[17:14:13] [Server thread/INFO]: World async lighting: false
[17:14:13] [Server thread/INFO]: -------- World Settings For [waiting_room_the_end] --------
[17:14:13] [Server thread/INFO]: Anti X-Ray: true
[17:14:13] [Server thread/INFO]: 	Engine Mode: 1
[17:14:13] [Server thread/INFO]: 	Hidden Blocks: [14, 15, 16, 21, 48, 49, 54, 56, 73, 74, 82, 129, 130]
[17:14:13] [Server thread/INFO]: 	Replace Blocks: [1, 5]
[17:14:13] [Server thread/INFO]: Nerfing mobs spawned from spawners: false
[17:14:13] [Server thread/INFO]: Cactus Growth Modifier: 100%
[17:14:13] [Server thread/INFO]: Cane Growth Modifier: 100%
[17:14:13] [Server thread/INFO]: Melon Growth Modifier: 100%
[17:14:13] [Server thread/INFO]: Mushroom Growth Modifier: 100%
[17:14:13] [Server thread/INFO]: Pumpkin Growth Modifier: 100%
[17:14:13] [Server thread/INFO]: Sapling Growth Modifier: 100%
[17:14:13] [Server thread/INFO]: Wheat Growth Modifier: 100%
[17:14:13] [Server thread/INFO]: NetherWart Growth Modifier: 100%
[17:14:13] [Server thread/INFO]: Mob Spawn Range: 4
[17:14:13] [Server thread/INFO]: Entity Activation Range: An 32 / Mo 32 / Mi 16
[17:14:13] [Server thread/INFO]: Entity Tracking Range: Pl 48 / An 48 / Mo 48 / Mi 32 / Other 64
[17:14:13] [Server thread/INFO]: Hopper Transfer: 8 Hopper Check: 8 Hopper Amount: 1
[17:14:13] [Server thread/INFO]: Random Lighting Updates: false
[17:14:13] [Server thread/INFO]: Structure Info Saving: true
[17:14:13] [Server thread/INFO]: Sending up to 10 chunks per packet
[17:14:13] [Server thread/INFO]: Max Entity Collisions: 8
[17:14:13] [Server thread/INFO]: Custom Map Seeds:  Village: 10387312 Feature: 14357617
[17:14:13] [Server thread/INFO]: Max TNT Explosions: 100
[17:14:13] [Server thread/INFO]: Tile Max Tick Time: 50ms Entity max Tick Time: 50ms
[17:14:13] [Server thread/INFO]: Item Despawn Rate: 6000
[17:14:13] [Server thread/INFO]: Item Merge Radius: 2.5
[17:14:13] [Server thread/INFO]: Arrow Despawn Rate: 1200
[17:14:13] [Server thread/INFO]: Allow Zombie Pigmen to spawn from portal blocks: true
[17:14:13] [Server thread/INFO]: View Distance: 4
[17:14:13] [Server thread/INFO]: Zombie Aggressive Towards Villager: true
[17:14:13] [Server thread/INFO]: Chunks to Grow per Tick: 650
[17:14:13] [Server thread/INFO]: Clear tick list: false
[17:14:13] [Server thread/INFO]: Experience Merge Radius: 3.0
[17:14:13] [Server thread/INFO]: -------- World Settings For [waiting_room_the_end] --------
[17:14:13] [Server thread/INFO]: Player blocking damage multiplier set to 0.5
[17:14:13] [Server thread/INFO]: Remove invalid mob spawner tile entities: true
[17:14:13] [Server thread/INFO]: Squids will spawn between Y: 45.0 and Y: 63.0
[17:14:13] [Server thread/INFO]: Living Entity Despawn Ranges:  Soft: 32 Hard: 128
[17:14:13] [Server thread/INFO]: Max height for cactus growth 3. Max height for reed growth 3
[17:14:13] [Server thread/INFO]: Water over lava flow speed: 5
[17:14:13] [Server thread/INFO]: Fix TNT cannons: false
[17:14:13] [Server thread/INFO]: Allow undead horse types to be leashed: false
[17:14:13] [Server thread/INFO]: Keep spawn chunk loaded: true
[17:14:13] [Server thread/INFO]: WorldServer TickNextTick cap set at 10000
[17:14:13] [Server thread/INFO]: WorldServer TickNextTickList cap always processes redstone: false
[17:14:13] [Server thread/INFO]: World async lighting: false
[17:14:13] [Server thread/INFO]: Preparing start region for level 0 (Seed: 290904761999421020)
[17:14:14] [Server thread/INFO]: Preparing spawn area: 6%
[17:14:15] [Server thread/INFO]: Preparing spawn area: 23%
[17:14:16] [Server thread/INFO]: Preparing spawn area: 55%
[17:14:17] [Server thread/INFO]: Preparing spawn area: 78%
[17:14:18] [Server thread/INFO]: Preparing start region for level 1 (Seed: -6784212542253139570)
[17:14:19] [Server thread/INFO]: Preparing spawn area: 62%
[17:14:20] [Server thread/INFO]: [CoreProtect] Enabling CoreProtect v2.12.0
[17:14:20] [Server thread/INFO]: CoreProtect version 2.12.0 is enabled!
[17:14:20] [Server thread/INFO]: [CoreProtect] Using SQLite for data storage.
[17:14:20] [Server thread/INFO]: [BlockCommands] Enabling BlockCommands v1.0
[17:14:20] [Server thread/INFO]: [WorldEdit] Enabling WorldEdit v6.1;no_git_id
[17:14:22] [Server thread/INFO]: WEPIF: Using the Bukkit Permissions API.
[17:14:22] [Server thread/INFO]: [WorldEdit] Logging WorldEdit commands to /home/runner/testing2/server/plugins/WorldEdit/worldedit.log
[17:14:22] [Server thread/INFO]: [WorldEdit] Using com.sk89q.worldedit.bukkit.adapter.impl.Spigot_v1_8_R3 as the Bukkit adapter
[17:14:22] [Server thread/INFO]: [PluginConstructorAPI] Enabling PluginConstructorAPI v1.0.52
[17:14:22] [Server thread/INFO]: [VirtualBooks] Enabling VirtualBooks v2.7.0
[17:14:22] [Server thread/INFO]: [VirtualBooks] Enabling the plugin v2.7.0
[17:14:22] [Server thread/INFO]: [VirtualBooks] Your server is running version v1_8_R3
[17:14:22] [Server thread/INFO]: [VirtualBooks] VirtualBooks setup was successful!
[17:14:22] [Server thread/INFO]: [VirtualBooks] VirtualBooks setup process is complete!
[17:14:23] [Server thread/INFO]: [VirtualBooks] Attempting to register book commands...
[17:14:23] [Server thread/INFO]: [VirtualBooks] Commands registered successfully!
[17:14:23] [Server thread/INFO]: [OpenInv] Enabling OpenInv v2.3.4
[17:14:23] [Server thread/INFO]: [OpenInv] [Config] Update not required.
[17:14:23] [Server thread/INFO]: [Essentials] Enabling Essentials v2.20.0-dev+41-4dc994d
[17:14:23] [Server thread/INFO]: You are running a server with limited API functionality. EssentialsX will still work, but certain features may be disabled.
[17:14:24] [Server thread/INFO]: Attempting to convert old kits in config.yml to new kits.yml
[17:14:24] [Server thread/INFO]: No kits found to migrate.
[17:14:25] [Server thread/INFO]: Loaded 853 items from items.csv.
[17:14:25] [Server thread/INFO]: Using locale en_US
[17:14:25] [Server thread/INFO]: ServerListPingEvent: Spigot iterator API
[17:14:25] [Server thread/INFO]: Starting Metrics. Opt-out using the global bStats config.
[17:14:26] [Server thread/WARN]: Detected supported permissions plugin PermissionsEx without Vault installed.
[17:14:26] [Server thread/WARN]: Features such as chat prefixes/suffixes and group-related functionality will not work until you install Vault.
[17:14:26] [Server thread/INFO]: Using superperms-based permissions.
[17:14:26] [Server thread/INFO]: [ClearLag] Enabling ClearLag v3.2.2
[17:14:26] [Server thread/INFO]: [ClearLag] Using version-adapter: LegacyVersionAdapter
[17:14:26] [Server thread/INFO]: [ClearLag] Loading modules...
[17:14:26] [Server thread/INFO]: [ClearLag] Modules enabed, loading config values
[17:14:26] [Server thread/WARN]: [ClearLag] Invalid entity type specified path="per-entity-chunk-entity-limiter.entity-limits" value=TNT
[17:14:26] [Server thread/INFO]: [ClearLag] Modules have been loaded!
[17:14:26] [Server thread/INFO]: [ClearLag] Clearlag is now enabled!
[17:14:26] [Server thread/INFO]: [Chairs] Enabling Chairs v4.7
[17:14:26] [Thread-10/INFO]: [ClearLag] Checking for updates compatible with your bukkit version [1.8]...
[17:14:26] [Server thread/INFO]: [Chairs] Allowed block: WOOD_STAIRS => 0.7
[17:14:26] [Server thread/INFO]: [Chairs] Allowed block: SPRUCE_WOOD_STAIRS => 0.7
[17:14:26] [Server thread/INFO]: [Chairs] Allowed block: JUNGLE_WOOD_STAIRS => 0.7
[17:14:26] [Server thread/INFO]: [Chairs] Allowed block: BIRCH_WOOD_STAIRS => 0.7
[17:14:26] [Server thread/INFO]: [Chairs] Allowed block: SANDSTONE_STAIRS => 0.7
[17:14:26] [Server thread/INFO]: [Chairs] Allowed block: COBBLESTONE_STAIRS => 0.7
[17:14:26] [Server thread/INFO]: [Chairs] Allowed block: BRICK_STAIRS => 0.7
[17:14:26] [Server thread/INFO]: [Chairs] Allowed block: SMOOTH_STAIRS => 0.7
[17:14:26] [Server thread/INFO]: [Chairs] Allowed block: NETHER_BRICK_STAIRS => 0.7
[17:14:26] [Server thread/INFO]: [Chairs] Allowed block: QUARTZ_STAIRS => 0.7
[17:14:26] [Server thread/INFO]: [Chairs] Allowed block: ACACIA_STAIRS => 0.7
[17:14:26] [Server thread/INFO]: [Chairs] Allowed block: DARK_OAK_STAIRS => 0.7
[17:14:26] [Server thread/INFO]: [Chairs] Allowed block: RED_SANDSTONE_STAIRS => 0.7
[17:14:26] [Server thread/INFO]: [PerWorldInventory] Enabling PerWorldInventory v1.5.8
[17:14:26] [Server thread/INFO]: [PerWorldInventory] Starting metrics...
[17:14:26] [Server thread/INFO]: [PerWorldInventory] Registering commands...
[17:14:26] [Server thread/INFO]: [PerWorldInventory] Commands registered! Registering listeners...
[17:14:26] [Server thread/INFO]: [PerWorldInventory] Registered PlayerChangedWorldListener.
[17:14:26] [Server thread/INFO]: [PerWorldInventory] Registered PlayerQuitListener.
[17:14:26] [Server thread/INFO]: [PerWorldInventory] Registered PlayerGameModeChangeListener.
[17:14:26] [Server thread/INFO]: [PerWorldInventory] Listeners enabled!
[17:14:26] [Thread-10/INFO]: [ClearLag] No updates found!
[17:14:26] [Server thread/INFO]: [LaggRemover] Enabling LaggRemover v2.0.6
[17:14:27] [Server thread/INFO]: 
    __                      ____                                         _    _____
   / /   ____ _____ _____ _/ __ \___  ____ ___  ____ _   _____  _____   | |  / /__ \
  / /   / __ `/ __ `/ __ `/ /_/ / _ \/ __ `__ \/ __ \ | / / _ \/ ___/   | | / /__/ /
 / /___/ /_/ / /_/ / /_/ / _, _/  __/ / / / / / /_/ / |/ /  __/ /       | |/ // __/
/_____/\__,_/\__, /\__, /_/ |_|\___/_/ /_/ /_/\____/|___/\___/_/        |___//____/
            /____//____/

[17:14:27] [Server thread/INFO]: [LaggRemover] Loaded 0 module(s)
[17:14:27] [Server thread/INFO]: [LaggRemover] The LaggRemover AI is now active!
[17:14:27] [Server thread/INFO]: [LaggRemover] LaggRemover has been enabled!
[17:14:27] [Server thread/INFO]: [WorldGuard] Enabling WorldGuard v6.1
[17:14:27] [Server thread/INFO]: [WorldGuard] (waiting_room) TNT ignition is PERMITTED.
[17:14:27] [Server thread/INFO]: [WorldGuard] (waiting_room) Lighters are PERMITTED.
[17:14:27] [Server thread/INFO]: [WorldGuard] (waiting_room) Lava fire is blocked.
[17:14:27] [Server thread/INFO]: [WorldGuard] (waiting_room) Fire spread is UNRESTRICTED.
[17:14:27] [Server thread/INFO]: [WorldGuard] Loaded configuration for world 'waiting_room'
[17:14:27] [Server thread/INFO]: [WorldGuard] (waiting_room_the_end) TNT ignition is PERMITTED.
[17:14:27] [Server thread/INFO]: [WorldGuard] (waiting_room_the_end) Lighters are PERMITTED.
[17:14:27] [Server thread/INFO]: [WorldGuard] (waiting_room_the_end) Lava fire is blocked.
[17:14:27] [Server thread/INFO]: [WorldGuard] (waiting_room_the_end) Fire spread is UNRESTRICTED.
[17:14:27] [Server thread/INFO]: [WorldGuard] Loaded configuration for world 'waiting_room_the_end'
[17:14:27] [Server thread/INFO]: [WorldGuard] Loading region data...
[17:14:27] [Server thread/INFO]: [Multiverse-Core] Enabling Multiverse-Core v2.5-b699
[17:14:28] [Server thread/INFO]: -------- World Settings For [world_the_end] --------
[17:14:28] [Server thread/INFO]: Anti X-Ray: true
[17:14:28] [Server thread/INFO]: 	Engine Mode: 1
[17:14:28] [Server thread/INFO]: 	Hidden Blocks: [14, 15, 16, 21, 48, 49, 54, 56, 73, 74, 82, 129, 130]
[17:14:28] [Server thread/INFO]: 	Replace Blocks: [1, 5]
[17:14:28] [Server thread/INFO]: Nerfing mobs spawned from spawners: false
[17:14:28] [Server thread/INFO]: Cactus Growth Modifier: 100%
[17:14:28] [Server thread/INFO]: Cane Growth Modifier: 100%
[17:14:28] [Server thread/INFO]: Melon Growth Modifier: 100%
[17:14:28] [Server thread/INFO]: Mushroom Growth Modifier: 100%
[17:14:28] [Server thread/INFO]: Pumpkin Growth Modifier: 100%
[17:14:28] [Server thread/INFO]: Sapling Growth Modifier: 100%
[17:14:28] [Server thread/INFO]: Wheat Growth Modifier: 100%
[17:14:28] [Server thread/INFO]: NetherWart Growth Modifier: 100%
[17:14:28] [Server thread/INFO]: Mob Spawn Range: 4
[17:14:28] [Server thread/INFO]: Entity Activation Range: An 32 / Mo 32 / Mi 16
[17:14:28] [Server thread/INFO]: Entity Tracking Range: Pl 48 / An 48 / Mo 48 / Mi 32 / Other 64
[17:14:28] [Server thread/INFO]: Hopper Transfer: 8 Hopper Check: 8 Hopper Amount: 1
[17:14:28] [Server thread/INFO]: Random Lighting Updates: false
[17:14:28] [Server thread/INFO]: Structure Info Saving: true
[17:14:28] [Server thread/INFO]: Sending up to 10 chunks per packet
[17:14:28] [Server thread/INFO]: Max Entity Collisions: 8
[17:14:28] [Server thread/INFO]: Custom Map Seeds:  Village: 10387312 Feature: 14357617
[17:14:28] [Server thread/INFO]: Max TNT Explosions: 100
[17:14:28] [Server thread/INFO]: Tile Max Tick Time: 50ms Entity max Tick Time: 50ms
[17:14:28] [Server thread/INFO]: Item Despawn Rate: 6000
[17:14:28] [Server thread/INFO]: Item Merge Radius: 2.5
[17:14:28] [Server thread/INFO]: Arrow Despawn Rate: 1200
[17:14:28] [Server thread/INFO]: Allow Zombie Pigmen to spawn from portal blocks: true
[17:14:28] [Server thread/INFO]: View Distance: 4
[17:14:28] [Server thread/INFO]: Zombie Aggressive Towards Villager: true
[17:14:28] [Server thread/INFO]: Chunks to Grow per Tick: 650
[17:14:28] [Server thread/INFO]: Clear tick list: false
[17:14:28] [Server thread/INFO]: Experience Merge Radius: 3.0
[17:14:28] [Server thread/INFO]: -------- World Settings For [world_the_end] --------
[17:14:28] [Server thread/INFO]: Player blocking damage multiplier set to 0.5
[17:14:28] [Server thread/INFO]: Remove invalid mob spawner tile entities: true
[17:14:28] [Server thread/INFO]: Squids will spawn between Y: 45.0 and Y: 63.0
[17:14:28] [Server thread/INFO]: Living Entity Despawn Ranges:  Soft: 32 Hard: 128
[17:14:28] [Server thread/INFO]: Max height for cactus growth 3. Max height for reed growth 3
[17:14:28] [Server thread/INFO]: Water over lava flow speed: 5
[17:14:28] [Server thread/INFO]: Fix TNT cannons: false
[17:14:28] [Server thread/INFO]: Allow undead horse types to be leashed: false
[17:14:28] [Server thread/INFO]: Keep spawn chunk loaded: true
[17:14:28] [Server thread/INFO]: WorldServer TickNextTick cap set at 10000
[17:14:28] [Server thread/INFO]: WorldServer TickNextTickList cap always processes redstone: false
[17:14:28] [Server thread/INFO]: World async lighting: false
[17:14:28] [Server thread/INFO]: Preparing start region for level 2 (Seed: -8072577927655957382)
[17:14:28] [Server thread/INFO]: [WorldGuard] (world_the_end) TNT ignition is PERMITTED.
[17:14:28] [Server thread/INFO]: [WorldGuard] (world_the_end) Lighters are PERMITTED.
[17:14:28] [Server thread/INFO]: [WorldGuard] (world_the_end) Lava fire is blocked.
[17:14:28] [Server thread/INFO]: [WorldGuard] (world_the_end) Fire spread is UNRESTRICTED.
[17:14:28] [Server thread/INFO]: [WorldGuard] Loaded configuration for world 'world_the_end'
[17:14:30] [Server thread/INFO]: -------- World Settings For [world] --------
[17:14:30] [Server thread/INFO]: Anti X-Ray: true
[17:14:30] [Server thread/INFO]: 	Engine Mode: 1
[17:14:30] [Server thread/INFO]: 	Hidden Blocks: [14, 15, 16, 21, 48, 49, 54, 56, 73, 74, 82, 129, 130]
[17:14:30] [Server thread/INFO]: 	Replace Blocks: [1, 5]
[17:14:30] [Server thread/INFO]: Nerfing mobs spawned from spawners: false
[17:14:30] [Server thread/INFO]: Cactus Growth Modifier: 100%
[17:14:30] [Server thread/INFO]: Cane Growth Modifier: 100%
[17:14:30] [Server thread/INFO]: Melon Growth Modifier: 100%
[17:14:30] [Server thread/INFO]: Mushroom Growth Modifier: 100%
[17:14:30] [Server thread/INFO]: Pumpkin Growth Modifier: 100%
[17:14:30] [Server thread/INFO]: Sapling Growth Modifier: 100%
[17:14:30] [Server thread/INFO]: Wheat Growth Modifier: 100%
[17:14:30] [Server thread/INFO]: NetherWart Growth Modifier: 100%
[17:14:30] [Server thread/INFO]: Mob Spawn Range: 4
[17:14:30] [Server thread/INFO]: Entity Activation Range: An 32 / Mo 32 / Mi 16
[17:14:30] [Server thread/INFO]: Entity Tracking Range: Pl 48 / An 48 / Mo 48 / Mi 32 / Other 64
[17:14:30] [Server thread/INFO]: Hopper Transfer: 8 Hopper Check: 8 Hopper Amount: 1
[17:14:30] [Server thread/INFO]: Random Lighting Updates: false
[17:14:30] [Server thread/INFO]: Structure Info Saving: true
[17:14:30] [Server thread/INFO]: Sending up to 10 chunks per packet
[17:14:30] [Server thread/INFO]: Max Entity Collisions: 8
[17:14:30] [Server thread/INFO]: Custom Map Seeds:  Village: 10387312 Feature: 14357617
[17:14:30] [Server thread/INFO]: Max TNT Explosions: 100
[17:14:30] [Server thread/INFO]: Tile Max Tick Time: 50ms Entity max Tick Time: 50ms
[17:14:30] [Server thread/INFO]: Item Despawn Rate: 6000
[17:14:30] [Server thread/INFO]: Item Merge Radius: 2.5
[17:14:30] [Server thread/INFO]: Arrow Despawn Rate: 1200
[17:14:30] [Server thread/INFO]: Allow Zombie Pigmen to spawn from portal blocks: true
[17:14:30] [Server thread/INFO]: View Distance: 4
[17:14:30] [Server thread/INFO]: Zombie Aggressive Towards Villager: true
[17:14:30] [Server thread/INFO]: Chunks to Grow per Tick: 650
[17:14:30] [Server thread/INFO]: Clear tick list: false
[17:14:30] [Server thread/INFO]: Experience Merge Radius: 3.0
[17:14:30] [Server thread/INFO]: -------- World Settings For [world] --------
[17:14:30] [Server thread/INFO]: Player blocking damage multiplier set to 0.5
[17:14:30] [Server thread/INFO]: Remove invalid mob spawner tile entities: true
[17:14:30] [Server thread/INFO]: Squids will spawn between Y: 45.0 and Y: 63.0
[17:14:30] [Server thread/INFO]: Living Entity Despawn Ranges:  Soft: 32 Hard: 128
[17:14:30] [Server thread/INFO]: Max height for cactus growth 3. Max height for reed growth 3
[17:14:30] [Server thread/INFO]: Water over lava flow speed: 5
[17:14:30] [Server thread/INFO]: Fix TNT cannons: false
[17:14:30] [Server thread/INFO]: Allow undead horse types to be leashed: false
[17:14:30] [Server thread/INFO]: Keep spawn chunk loaded: true
[17:14:30] [Server thread/INFO]: WorldServer TickNextTick cap set at 10000
[17:14:30] [Server thread/INFO]: WorldServer TickNextTickList cap always processes redstone: false
[17:14:30] [Server thread/INFO]: World async lighting: false
[17:14:30] [Server thread/INFO]: Preparing start region for level 3 (Seed: -8072577927655957382)
[17:14:30] [Server thread/INFO]: [WorldGuard] (world) TNT ignition is PERMITTED.
[17:14:30] [Server thread/INFO]: [WorldGuard] (world) Lighters are PERMITTED.
[17:14:30] [Server thread/INFO]: [WorldGuard] (world) Lava fire is blocked.
[17:14:30] [Server thread/INFO]: [WorldGuard] (world) Fire spread is UNRESTRICTED.
[17:14:30] [Server thread/INFO]: [WorldGuard] Loaded configuration for world 'world'
[17:14:33] [Server thread/INFO]: -------- World Settings For [voidtime] --------
[17:14:33] [Server thread/INFO]: Anti X-Ray: true
[17:14:33] [Server thread/INFO]: 	Engine Mode: 1
[17:14:33] [Server thread/INFO]: 	Hidden Blocks: [14, 15, 16, 21, 48, 49, 54, 56, 73, 74, 82, 129, 130]
[17:14:33] [Server thread/INFO]: 	Replace Blocks: [1, 5]
[17:14:33] [Server thread/INFO]: Nerfing mobs spawned from spawners: false
[17:14:33] [Server thread/INFO]: Cactus Growth Modifier: 100%
[17:14:33] [Server thread/INFO]: Cane Growth Modifier: 100%
[17:14:33] [Server thread/INFO]: Melon Growth Modifier: 100%
[17:14:33] [Server thread/INFO]: Mushroom Growth Modifier: 100%
[17:14:33] [Server thread/INFO]: Pumpkin Growth Modifier: 100%
[17:14:33] [Server thread/INFO]: Sapling Growth Modifier: 100%
[17:14:33] [Server thread/INFO]: Wheat Growth Modifier: 100%
[17:14:33] [Server thread/INFO]: NetherWart Growth Modifier: 100%
[17:14:33] [Server thread/INFO]: Mob Spawn Range: 4
[17:14:33] [Server thread/INFO]: Entity Activation Range: An 32 / Mo 32 / Mi 16
[17:14:33] [Server thread/INFO]: Entity Tracking Range: Pl 48 / An 48 / Mo 48 / Mi 32 / Other 64
[17:14:33] [Server thread/INFO]: Hopper Transfer: 8 Hopper Check: 8 Hopper Amount: 1
[17:14:33] [Server thread/INFO]: Random Lighting Updates: false
[17:14:33] [Server thread/INFO]: Structure Info Saving: true
[17:14:33] [Server thread/INFO]: Sending up to 10 chunks per packet
[17:14:33] [Server thread/INFO]: Max Entity Collisions: 8
[17:14:33] [Server thread/INFO]: Custom Map Seeds:  Village: 10387312 Feature: 14357617
[17:14:33] [Server thread/INFO]: Max TNT Explosions: 100
[17:14:33] [Server thread/INFO]: Tile Max Tick Time: 50ms Entity max Tick Time: 50ms
[17:14:33] [Server thread/INFO]: Item Despawn Rate: 6000
[17:14:33] [Server thread/INFO]: Item Merge Radius: 2.5
[17:14:33] [Server thread/INFO]: Arrow Despawn Rate: 1200
[17:14:33] [Server thread/INFO]: Allow Zombie Pigmen to spawn from portal blocks: true
[17:14:33] [Server thread/INFO]: View Distance: 4
[17:14:33] [Server thread/INFO]: Zombie Aggressive Towards Villager: true
[17:14:33] [Server thread/INFO]: Chunks to Grow per Tick: 650
[17:14:33] [Server thread/INFO]: Clear tick list: false
[17:14:33] [Server thread/INFO]: Experience Merge Radius: 3.0
[17:14:33] [Server thread/INFO]: -------- World Settings For [voidtime] --------
[17:14:33] [Server thread/INFO]: Player blocking damage multiplier set to 0.5
[17:14:33] [Server thread/INFO]: Remove invalid mob spawner tile entities: true
[17:14:33] [Server thread/INFO]: Squids will spawn between Y: 45.0 and Y: 63.0
[17:14:33] [Server thread/INFO]: Living Entity Despawn Ranges:  Soft: 32 Hard: 128
[17:14:33] [Server thread/INFO]: Max height for cactus growth 3. Max height for reed growth 3
[17:14:33] [Server thread/INFO]: Water over lava flow speed: 5
[17:14:33] [Server thread/INFO]: Fix TNT cannons: false
[17:14:33] [Server thread/INFO]: Allow undead horse types to be leashed: false
[17:14:33] [Server thread/INFO]: Keep spawn chunk loaded: true
[17:14:33] [Server thread/INFO]: WorldServer TickNextTick cap set at 10000
[17:14:33] [Server thread/INFO]: WorldServer TickNextTickList cap always processes redstone: false
[17:14:33] [Server thread/INFO]: World async lighting: false
[17:14:33] [Server thread/INFO]: Preparing start region for level 4 (Seed: -1828953201162985737)
[17:14:33] [Server thread/INFO]: [WorldGuard] (voidtime) TNT ignition is PERMITTED.
[17:14:33] [Server thread/INFO]: [WorldGuard] (voidtime) Lighters are PERMITTED.
[17:14:33] [Server thread/INFO]: [WorldGuard] (voidtime) Lava fire is blocked.
[17:14:33] [Server thread/INFO]: [WorldGuard] (voidtime) Fire spread is UNRESTRICTED.
[17:14:33] [Server thread/INFO]: [WorldGuard] Loaded configuration for world 'voidtime'
[17:14:40] [Server thread/INFO]: -------- World Settings For [world_nether] --------
[17:14:40] [Server thread/INFO]: Anti X-Ray: true
[17:14:40] [Server thread/INFO]: 	Engine Mode: 1
[17:14:40] [Server thread/INFO]: 	Hidden Blocks: [14, 15, 16, 21, 48, 49, 54, 56, 73, 74, 82, 129, 130]
[17:14:40] [Server thread/INFO]: 	Replace Blocks: [1, 5]
[17:14:40] [Server thread/INFO]: Nerfing mobs spawned from spawners: false
[17:14:40] [Server thread/INFO]: Cactus Growth Modifier: 100%
[17:14:40] [Server thread/INFO]: Cane Growth Modifier: 100%
[17:14:40] [Server thread/INFO]: Melon Growth Modifier: 100%
[17:14:40] [Server thread/INFO]: Mushroom Growth Modifier: 100%
[17:14:40] [Server thread/INFO]: Pumpkin Growth Modifier: 100%
[17:14:40] [Server thread/INFO]: Sapling Growth Modifier: 100%
[17:14:40] [Server thread/INFO]: Wheat Growth Modifier: 100%
[17:14:40] [Server thread/INFO]: NetherWart Growth Modifier: 100%
[17:14:40] [Server thread/INFO]: Mob Spawn Range: 4
[17:14:40] [Server thread/INFO]: Entity Activation Range: An 32 / Mo 32 / Mi 16
[17:14:40] [Server thread/INFO]: Entity Tracking Range: Pl 48 / An 48 / Mo 48 / Mi 32 / Other 64
[17:14:40] [Server thread/INFO]: Hopper Transfer: 8 Hopper Check: 8 Hopper Amount: 1
[17:14:40] [Server thread/INFO]: Random Lighting Updates: false
[17:14:40] [Server thread/INFO]: Structure Info Saving: true
[17:14:40] [Server thread/INFO]: Sending up to 10 chunks per packet
[17:14:40] [Server thread/INFO]: Max Entity Collisions: 8
[17:14:40] [Server thread/INFO]: Custom Map Seeds:  Village: 10387312 Feature: 14357617
[17:14:40] [Server thread/INFO]: Max TNT Explosions: 100
[17:14:40] [Server thread/INFO]: Tile Max Tick Time: 50ms Entity max Tick Time: 50ms
[17:14:40] [Server thread/INFO]: Item Despawn Rate: 6000
[17:14:40] [Server thread/INFO]: Item Merge Radius: 2.5
[17:14:40] [Server thread/INFO]: Arrow Despawn Rate: 1200
[17:14:40] [Server thread/INFO]: Allow Zombie Pigmen to spawn from portal blocks: true
[17:14:40] [Server thread/INFO]: View Distance: 4
[17:14:40] [Server thread/INFO]: Zombie Aggressive Towards Villager: true
[17:14:40] [Server thread/INFO]: Chunks to Grow per Tick: 650
[17:14:40] [Server thread/INFO]: Clear tick list: false
[17:14:40] [Server thread/INFO]: Experience Merge Radius: 3.0
[17:14:40] [Server thread/INFO]: -------- World Settings For [world_nether] --------
[17:14:40] [Server thread/INFO]: Player blocking damage multiplier set to 0.5
[17:14:40] [Server thread/INFO]: Remove invalid mob spawner tile entities: true
[17:14:40] [Server thread/INFO]: Squids will spawn between Y: 45.0 and Y: 63.0
[17:14:40] [Server thread/INFO]: Living Entity Despawn Ranges:  Soft: 32 Hard: 128
[17:14:40] [Server thread/INFO]: Max height for cactus growth 3. Max height for reed growth 3
[17:14:40] [Server thread/INFO]: Water over lava flow speed: 5
[17:14:40] [Server thread/INFO]: Fix TNT cannons: false
[17:14:40] [Server thread/INFO]: Allow undead horse types to be leashed: false
[17:14:40] [Server thread/INFO]: Keep spawn chunk loaded: true
[17:14:40] [Server thread/INFO]: WorldServer TickNextTick cap set at 10000
[17:14:40] [Server thread/INFO]: WorldServer TickNextTickList cap always processes redstone: false
[17:14:40] [Server thread/INFO]: World async lighting: false
[17:14:41] [Server thread/INFO]: Preparing start region for level 5 (Seed: -8072577927655957382)
[17:14:41] [Server thread/INFO]: [WorldGuard] (world_nether) TNT ignition is PERMITTED.
[17:14:41] [Server thread/INFO]: [WorldGuard] (world_nether) Lighters are PERMITTED.
[17:14:41] [Server thread/INFO]: [WorldGuard] (world_nether) Lava fire is blocked.
[17:14:41] [Server thread/INFO]: [WorldGuard] (world_nether) Fire spread is UNRESTRICTED.
[17:14:41] [Server thread/INFO]: [WorldGuard] Loaded configuration for world 'world_nether'
[17:14:43] [Server thread/INFO]: -------- World Settings For [survival] --------
[17:14:43] [Server thread/INFO]: Anti X-Ray: true
[17:14:43] [Server thread/INFO]: 	Engine Mode: 1
[17:14:43] [Server thread/INFO]: 	Hidden Blocks: [14, 15, 16, 21, 48, 49, 54, 56, 73, 74, 82, 129, 130]
[17:14:43] [Server thread/INFO]: 	Replace Blocks: [1, 5]
[17:14:43] [Server thread/INFO]: Nerfing mobs spawned from spawners: false
[17:14:43] [Server thread/INFO]: Cactus Growth Modifier: 100%
[17:14:43] [Server thread/INFO]: Cane Growth Modifier: 100%
[17:14:43] [Server thread/INFO]: Melon Growth Modifier: 100%
[17:14:43] [Server thread/INFO]: Mushroom Growth Modifier: 100%
[17:14:43] [Server thread/INFO]: Pumpkin Growth Modifier: 100%
[17:14:43] [Server thread/INFO]: Sapling Growth Modifier: 100%
[17:14:43] [Server thread/INFO]: Wheat Growth Modifier: 100%
[17:14:43] [Server thread/INFO]: NetherWart Growth Modifier: 100%
[17:14:43] [Server thread/INFO]: Mob Spawn Range: 4
[17:14:43] [Server thread/INFO]: Entity Activation Range: An 32 / Mo 32 / Mi 16
[17:14:43] [Server thread/INFO]: Entity Tracking Range: Pl 48 / An 48 / Mo 48 / Mi 32 / Other 64
[17:14:43] [Server thread/INFO]: Hopper Transfer: 8 Hopper Check: 8 Hopper Amount: 1
[17:14:43] [Server thread/INFO]: Random Lighting Updates: false
[17:14:43] [Server thread/INFO]: Structure Info Saving: true
[17:14:43] [Server thread/INFO]: Sending up to 10 chunks per packet
[17:14:43] [Server thread/INFO]: Max Entity Collisions: 8
[17:14:43] [Server thread/INFO]: Custom Map Seeds:  Village: 10387312 Feature: 14357617
[17:14:43] [Server thread/INFO]: Max TNT Explosions: 100
[17:14:43] [Server thread/INFO]: Tile Max Tick Time: 50ms Entity max Tick Time: 50ms
[17:14:43] [Server thread/INFO]: Item Despawn Rate: 6000
[17:14:43] [Server thread/INFO]: Item Merge Radius: 2.5
[17:14:43] [Server thread/INFO]: Arrow Despawn Rate: 1200
[17:14:43] [Server thread/INFO]: Allow Zombie Pigmen to spawn from portal blocks: true
[17:14:43] [Server thread/INFO]: View Distance: 4
[17:14:43] [Server thread/INFO]: Zombie Aggressive Towards Villager: true
[17:14:43] [Server thread/INFO]: Chunks to Grow per Tick: 650
[17:14:43] [Server thread/INFO]: Clear tick list: false
[17:14:43] [Server thread/INFO]: Experience Merge Radius: 3.0
[17:14:43] [Server thread/INFO]: -------- World Settings For [survival] --------
[17:14:43] [Server thread/INFO]: Player blocking damage multiplier set to 0.5
[17:14:43] [Server thread/INFO]: Remove invalid mob spawner tile entities: true
[17:14:43] [Server thread/INFO]: Squids will spawn between Y: 45.0 and Y: 63.0
[17:14:43] [Server thread/INFO]: Living Entity Despawn Ranges:  Soft: 32 Hard: 128
[17:14:43] [Server thread/INFO]: Max height for cactus growth 3. Max height for reed growth 3
[17:14:43] [Server thread/INFO]: Water over lava flow speed: 5
[17:14:43] [Server thread/INFO]: Fix TNT cannons: false
[17:14:43] [Server thread/INFO]: Allow undead horse types to be leashed: false
[17:14:43] [Server thread/INFO]: Keep spawn chunk loaded: true
[17:14:43] [Server thread/INFO]: WorldServer TickNextTick cap set at 10000
[17:14:43] [Server thread/INFO]: WorldServer TickNextTickList cap always processes redstone: false
[17:14:43] [Server thread/INFO]: World async lighting: false
[17:14:43] [Server thread/INFO]: Preparing start region for level 6 (Seed: -214978879598448660)
[17:14:43] [Server thread/INFO]: [WorldGuard] (survival) TNT ignition is PERMITTED.
[17:14:43] [Server thread/INFO]: [WorldGuard] (survival) Lighters are PERMITTED.
[17:14:43] [Server thread/INFO]: [WorldGuard] (survival) Lava fire is blocked.
[17:14:43] [Server thread/INFO]: [WorldGuard] (survival) Fire spread is UNRESTRICTED.
[17:14:43] [Server thread/INFO]: [WorldGuard] Loaded configuration for world 'survival'
[17:14:43] [Server thread/INFO]: [Multiverse-Core] 7 - World(s) loaded.
[17:14:43] [Server thread/INFO]: [Multiverse-Core] Loading anchor:  'Horse-Island-Portal'...
[17:14:43] [Server thread/INFO]: [Multiverse-Core] Version 2.5-b699 (API v19) Enabled - By Rigby, fernferret, lithium3141 and main--
[17:14:43] [Server thread/INFO]: [DebugStick] Enabling DebugStick v1.1
[17:14:43] [Server thread/INFO]: [ImageMaps] Enabling ImageMaps v0.4.1
[17:14:43] [Server thread/INFO]: [ChestCommands] Enabling ChestCommands v4.0.3
[17:14:43] [Server thread/WARN]: [ChestCommands] Couldn't find Vault and a compatible economy plugin! Money-related features will not work.
[17:14:44] [Server thread/INFO]: [EssentialsChat] Enabling EssentialsChat v2.20.0-dev+41-4dc994d
[17:14:44] [Server thread/INFO]: Starting Metrics. Opt-out using the global bStats config.
[17:14:44] [Server thread/INFO]: [PermissionsEx] Enabling PermissionsEx v1.33.8
[17:14:44] [Server thread/INFO]: [PermissionsEx] Initializing file backend
[17:14:44] [Server thread/INFO]: [PermissionsEx] Permissions file successfully reloaded
[17:14:44] [Server thread/INFO]: [PermissionsEx] Optimizing Pex for this server.
[17:14:44] [Server thread/INFO]: [PermissionsEx] File Backend in use. Enabling hotloading.
[17:14:44] [Server thread/INFO]: [PermissionsEx] Hotloading Enabled for /home/runner/testing2/server/plugins/PermissionsEx/permissions.yml
[17:14:45] [Server thread/INFO]: WEPIF: PermissionsEx detected! Using PermissionsEx for permissions.
[17:14:45] [Server thread/INFO]: [RandomTeleport] Enabling RandomTeleport v5.0.2
[17:14:45] [Server thread/INFO]: [RandomTeleport] [Updater] Auto-Update is disabled! If you would like to have RandomTP update itself automatically, please enable it in the config.
[17:14:45] [Server thread/INFO]: [Music] Enabling Music v2.7.34
[17:14:45] [Server thread/INFO]: [Music] §9[Music]§fFileName:BrassRail   Songname:brassrail
[17:14:45] [Server thread/INFO]: [Music] §9[Music]§fFileName:Brazil   Songname:brazil
[17:14:45] [Server thread/INFO]: [Music] §9[Music]§fFileName:Closer   Songname:closer
[17:14:45] [Server thread/INFO]: [Music] §9[Music]§fFileName:Elevator_Music   Songname:elevator_music
[17:14:45] [Server thread/INFO]: [Music] §9[Music]§fFileName:Epic   Songname:epic
[17:14:45] [Server thread/INFO]: [Music] §9[Music]§fFileName:Epic2   Songname:epic2
[17:14:45] [Server thread/INFO]: [Music] §9[Music]§fFileName:Overture   Songname:overture
[17:14:45] [Server thread/INFO]: [Music] §9[Music]§fFileName:OldRecords   Songname:oldrecords
[17:14:45] [Server thread/INFO]: [Music] §9[Music]§fFileName:PortalRadio   Songname:portalradio
[17:14:45] [Server thread/INFO]: [Music] §9[Music]§fFileName:PunchOut   Songname:punchout
[17:14:45] [Server thread/INFO]: [Music] §9[Music]§fFileName:RobotRock   Songname:robotrock
[17:14:45] [Server thread/INFO]: [Music] §9[Music]§fFileName:RunningInThe90s   Songname:runninginthe90s
[17:14:45] [Server thread/INFO]: [Music] §9[Music]§fFileName:SkyrimTown   Songname:skyrimtown
[17:14:45] [Server thread/INFO]: [Music] §9[Music]§fFileName:SweetRascal   Songname:sweetrascal
[17:14:45] [Server thread/INFO]: [Music] §9[Music]§fFileName:ScienceCrusher   Songname:sciencecrusher
[17:14:45] [Server thread/INFO]: [Music] §9[Music]§fFileName:Tavern   Songname:tavern
[17:14:45] [Server thread/INFO]: [Music] §9[Music]§fFileName:Techno   Songname:techno
[17:14:45] [Server thread/INFO]: [Music] §9[Music]§fFileName:TetrisTrance   Songname:tetristrance
[17:14:45] [Server thread/INFO]: [Music] §9[Music]§fFileName:USSR   Songname:ussr
[17:14:45] [Server thread/INFO]: [Music] §9[Music]§fFileName:Violins   Songname:violins
[17:14:45] [Server thread/INFO]: [Music] §9[Music]§fFileName:WaterDrops   Songname:waterdrop
[17:14:45] [Server thread/INFO]: [Music] §9[Music]§fFileName:Windmill   Songname:windmill
[17:14:45] [Server thread/INFO]: [Music] §9[Music]§fFileName:NumaNuma   Songname:numanuma
[17:14:45] [Server thread/INFO]: [Music] §9[Music]§fFileName:Lobby   Songname:lobby
[17:14:45] [Server thread/INFO]: [Music] §9[Music]§fFileName:AfterSchoolSpecial   Songname:afterschoolspecial
[17:14:45] [Server thread/INFO]: [Music] §9[Music]§fFileName:NyanCat   Songname:nyancat
[17:14:45] [Server thread/INFO]: [Music] §9[Music]§fFileName:IPhone   Songname:iphone
[17:14:45] [Server thread/INFO]: [Music] §9[Music]§fFileName:WindowsXP   Songname:windowsxp
[17:14:45] [Server thread/INFO]: [Music] §9[Music]§fFileName:Piano   Songname:piano
[17:14:45] [Server thread/WARN]: [AutoSaveWorld] Plugin Music attempted to establish connection https://api.github.com/repos/ZombieStriker/Music/releases/latest in main server thread
[17:14:45] [Server thread/WARN]: [AutoSaveWorld] Plugin Music attempted to establish connection socket://api.github.com:443 in main server thread
[17:14:45] [Server thread/WARN]: java.lang.NoClassDefFoundError: org/bukkit/NamespacedKey
[17:14:45] [Server thread/WARN]: 	at me.zombie_striker.pluginconstructor.PluginConstructorAPI.registerGlowEnchantment(PluginConstructorAPI.java:143)
[17:14:45] [Server thread/WARN]: 	at me.zombie_striker.music.Main.onEnable(Main.java:311)
[17:14:45] [Server thread/WARN]: 	at org.bukkit.plugin.java.JavaPlugin.setEnabled(JavaPlugin.java:321)
[17:14:45] [Server thread/WARN]: 	at org.bukkit.plugin.java.JavaPluginLoader.enablePlugin(JavaPluginLoader.java:332)
[17:14:45] [Server thread/WARN]: 	at org.bukkit.plugin.SimplePluginManager.enablePlugin(SimplePluginManager.java:407)
[17:14:45] [Server thread/WARN]: 	at org.bukkit.craftbukkit.v1_8_R3.CraftServer.loadPlugin(CraftServer.java:359)
[17:14:45] [Server thread/WARN]: 	at org.bukkit.craftbukkit.v1_8_R3.CraftServer.enablePlugins(CraftServer.java:318)
[17:14:45] [Server thread/WARN]: 	at net.minecraft.server.v1_8_R3.MinecraftServer.s(MinecraftServer.java:408)
[17:14:45] [Server thread/WARN]: 	at net.minecraft.server.v1_8_R3.MinecraftServer.k(MinecraftServer.java:372)
[17:14:45] [Server thread/WARN]: 	at net.minecraft.server.v1_8_R3.MinecraftServer.a(MinecraftServer.java:327)
[17:14:45] [Server thread/WARN]: 	at net.minecraft.server.v1_8_R3.DedicatedServer.init(DedicatedServer.java:267)
[17:14:45] [Server thread/WARN]: 	at net.minecraft.server.v1_8_R3.MinecraftServer.run(MinecraftServer.java:563)
[17:14:45] [Server thread/WARN]: 	at java.lang.Thread.run(Thread.java:750)
[17:14:45] [Server thread/WARN]: Caused by: java.lang.ClassNotFoundException: org.bukkit.NamespacedKey
[17:14:45] [Server thread/WARN]: 	at org.bukkit.plugin.java.PluginClassLoader.findClass(PluginClassLoader.java:92)
[17:14:45] [Server thread/WARN]: 	at org.bukkit.plugin.java.PluginClassLoader.findClass(PluginClassLoader.java:87)
[17:14:45] [Server thread/WARN]: 	at java.lang.ClassLoader.loadClass(ClassLoader.java:418)
[17:14:45] [Server thread/WARN]: 	at java.lang.ClassLoader.loadClass(ClassLoader.java:351)
[17:14:45] [Server thread/WARN]: 	... 13 more
[17:14:45] [Server thread/INFO]: [Multiverse-Portals] Enabling Multiverse-Portals v2.5-b725
[17:14:45] [Server thread/INFO]: [Multiverse-Portals] - Version 2.5-b725 Enabled - By Rigby and fernferret
[17:14:46] [Server thread/INFO]: [MVPLogging] 3 - Portals(s) loaded
[17:14:46] [Server thread/INFO]: [Multiverse-Portals] Found WorldEdit. Using it for selections.
[17:14:46] [Server thread/INFO]: [SuperVanish] Enabling SuperVanish v6.2.15
[17:14:46] [Server thread/INFO]: [SuperVanish] Please install ProtocolLib to be able to use all SuperVanish features: https://www.spigotmc.org/resources/protocollib.1997/
[17:14:47] [Server thread/INFO]: [SuperVanish] Hooked into Essentials
[17:14:47] [Server thread/INFO]: [PlayerDeathLocation] Enabling PlayerDeathLocation v1.6.1
[17:14:47] [Server thread/INFO]: [AuthMe] Enabling AuthMe v5.3.2-b1726
[17:14:47] [Server thread/INFO]: [AuthMe] SQLite driver loaded
[17:14:47] [Server thread/INFO]: [AuthMe] SQLite Setup finished
[17:14:47] [Server thread/INFO]: [AuthMe] Hooked into PermissionsEx!
[17:14:48] [Server thread/INFO]: [AuthMe] Hooked successfully into Essentials
[17:14:48] [Server thread/INFO]: [AuthMe] Hooked successfully into Multiverse-Core
[17:14:48] [Server thread/INFO]: [AuthMe] Essentials spawn file not found: '/home/runner/testing2/server/plugins/Essentials/spawn.yml'
[17:14:48] [Thread-12/WARN]: [AuthMe] Could not download GeoLiteAPI database [UnknownHostException]: geolite.maxmind.com
[17:14:48] [Server thread/WARN]: [AuthMe] WARNING! The protectInventory feature requires ProtocolLib! Disabling it...
[17:14:48] [Server thread/INFO]: [AuthMe] Development builds are available on our jenkins, thanks to f14stelt.
[17:14:48] [Server thread/INFO]: [AuthMe] Do you want a good game server? Look at our sponsor GameHosting.it leader in Italy as Game Server Provider!
[17:14:48] [Server thread/INFO]: [AuthMe] AuthMe 5.3.2 build n.1726 correctly enabled!
[17:14:49] [Server thread/INFO]: [WarpPortals] Enabling WarpPortals v5.6.3
[17:14:49] [Server thread/INFO]: [WarpPortals] 1 Portals loaded!
[17:14:49] [Server thread/INFO]: [WarpPortals] 3 Destinations loaded!
[17:14:49] [Server thread/INFO]: [TabList] Enabling TabList v5.6.8
[17:14:49] [Server thread/WARN]: [TabList] You're currently having 1 CPU processors, which is not enough to run a minecraft server with scheduled plugins including TabList.
[17:14:49] [Server thread/WARN]: [TabList] You will be experiencing many lags during the server is running. Consider upgrading your CPU to at least reach 3 cores.
[17:14:49] [Server thread/INFO]: [TabList] > Enabled v5.6.8 (316ms)
[17:14:49] [Server thread/INFO]: Server permissions file permissions.yml is empty, ignoring it
[17:14:50] [Server thread/INFO]: Done (37.375s)! For help, type "help" or "?"
[17:14:50] [Server thread/INFO]: Timings Reset
[17:14:50] [Server thread/WARN]: [AutoSaveWorld] Plugin PluginConstructorAPI attempted to establish connection https://api.github.com/repos/ZombieStriker/PluginConstructorAPI/releases/latest in main server thread
[17:14:50] [Craft Scheduler Thread - 5/INFO]: §6Fetching version information...
[17:14:50] [Craft Scheduler Thread - 5/WARN]: §4You're §c3 §4EssentialsX dev build(s) out of date!
[17:14:50] [Craft Scheduler Thread - 5/WARN]: §4Download it here:§c https://essentialsx.net/downloads.html
[17:15:27] [Server thread/INFO]: CONSOLE issued server command: /list 
[17:15:27] [Server thread/INFO]: There are 0 out of maximum 20 players online.
[17:15:27] [Server thread/INFO]: CONSOLE issued server command: /list 
[17:15:27] [Server thread/INFO]: There are 0 out of maximum 20 players online.
[17:15:27] [Server thread/INFO]: Unknown command. Type "/help" for help.
[17:15:29] [Server thread/INFO]: CONSOLE issued server command: /list 
[17:15:29] [Server thread/INFO]: There are 0 out of maximum 20 players online.
